<?xml version="1.0" encoding="UTF-8"?>
<testng-results ignored="0" total="4" passed="1" failed="3" skipped="0">
  <reporter-output>
  </reporter-output>
  <suite started-at="2022-05-27T22:43:54 IST" name="Suite-OrangeHRM" finished-at="2022-05-27T22:44:56 IST" duration-ms="61386">
    <groups>
    </groups>
    <test started-at="2022-05-27T22:43:54 IST" name="ChromeBrowser" finished-at="2022-05-27T22:44:24 IST" duration-ms="29201">
      <class name="verifyApp.VerifyApplicationHeader">
        <test-method is-config="true" signature="launchBrowser(java.lang.String)[pri:0, instance:verifyApp.VerifyApplicationHeader@353d0772]" started-at="2022-05-27T22:43:54 IST" name="launchBrowser" finished-at="2022-05-27T22:43:56 IST" duration-ms="1490" status="PASS">
          <params>
            <param index="0">
              <value>
                <![CDATA[ChromeBrowser]]>
              </value>
            </param>
          </params>
          <reporter-output>
          </reporter-output>
        </test-method> <!-- launchBrowser -->
        <test-method is-config="true" signature="launchbrowser()[pri:0, instance:verifyApp.VerifyApplicationHeader@353d0772]" started-at="2022-05-27T22:43:56 IST" name="launchbrowser" finished-at="2022-05-27T22:43:56 IST" duration-ms="41" status="PASS">
          <reporter-output>
          </reporter-output>
        </test-method> <!-- launchbrowser -->
        <test-method is-config="true" signature="loginToApplication()[pri:0, instance:verifyApp.VerifyApplicationHeader@353d0772]" started-at="2022-05-27T22:43:56 IST" name="loginToApplication" finished-at="2022-05-27T22:44:12 IST" duration-ms="16099" status="PASS">
          <reporter-output>
          </reporter-output>
        </test-method> <!-- loginToApplication -->
        <test-method signature="verifyAdminTab()[pri:0, instance:verifyApp.VerifyApplicationHeader@353d0772]" started-at="2022-05-27T22:44:12 IST" name="verifyAdminTab" finished-at="2022-05-27T22:44:14 IST" duration-ms="2079" status="PASS">
          <reporter-output>
          </reporter-output>
        </test-method> <!-- verifyAdminTab -->
        <test-method is-config="true" signature="logoutFromApplication(org.testng.ITestResult)[pri:0, instance:verifyApp.VerifyApplicationHeader@353d0772]" started-at="2022-05-27T22:44:14 IST" name="logoutFromApplication" finished-at="2022-05-27T22:44:15 IST" duration-ms="1330" status="PASS">
          <params>
            <param index="0">
              <value>
                <![CDATA[[TestResult name=verifyAdminTab status=SUCCESS method=VerifyApplicationHeader.verifyAdminTab()[pri:0, instance:verifyApp.VerifyApplicationHeader@353d0772] output={null}]]]>
              </value>
            </param>
          </params>
          <reporter-output>
          </reporter-output>
        </test-method> <!-- logoutFromApplication -->
        <test-method is-config="true" signature="loginToApplication()[pri:0, instance:verifyApp.VerifyApplicationHeader@353d0772]" started-at="2022-05-27T22:44:15 IST" name="loginToApplication" finished-at="2022-05-27T22:44:19 IST" duration-ms="3135" status="PASS">
          <reporter-output>
          </reporter-output>
        </test-method> <!-- loginToApplication -->
        <test-method signature="verifyTimeTab()[pri:0, instance:verifyApp.VerifyApplicationHeader@353d0772]" started-at="2022-05-27T22:44:19 IST" name="verifyTimeTab" finished-at="2022-05-27T22:44:20 IST" duration-ms="1255" status="FAIL">
          <exception class="java.lang.AssertionError">
            <message>
              <![CDATA[The following asserts failed:
expected [abchttps://opensource-demo.orangehrmlive.com/index.php/time/viewEmployeeTimesheet] but found [https://opensource-demo.orangehrmlive.com/index.php/time/viewEmployeeTimesheet]]]>
            </message>
            <full-stacktrace>
              <![CDATA[java.lang.AssertionError: The following asserts failed:
expected [abchttps://opensource-demo.orangehrmlive.com/index.php/time/viewEmployeeTimesheet] but found [https://opensource-demo.orangehrmlive.com/index.php/time/viewEmployeeTimesheet]
at org.testng.asserts.SoftAssert.assertAll(SoftAssert.java:47)
at org.testng.asserts.SoftAssert.assertAll(SoftAssert.java:31)
at verifyApp.VerifyApplicationHeader.verifyTimeTab(VerifyApplicationHeader.java:112)
at java.base/jdk.internal.reflect.NativeMethodAccessorImpl.invoke0(Native Method)
at java.base/jdk.internal.reflect.NativeMethodAccessorImpl.invoke(NativeMethodAccessorImpl.java:77)
at java.base/jdk.internal.reflect.DelegatingMethodAccessorImpl.invoke(DelegatingMethodAccessorImpl.java:43)
at java.base/java.lang.reflect.Method.invoke(Method.java:568)
at org.testng.internal.MethodInvocationHelper.invokeMethod(MethodInvocationHelper.java:133)
at org.testng.internal.TestInvoker.invokeMethod(TestInvoker.java:598)
at org.testng.internal.TestInvoker.invokeTestMethod(TestInvoker.java:173)
at org.testng.internal.MethodRunner.runInSequence(MethodRunner.java:46)
at org.testng.internal.TestInvoker$MethodInvocationAgent.invoke(TestInvoker.java:824)
at org.testng.internal.TestInvoker.invokeTestMethods(TestInvoker.java:146)
at org.testng.internal.TestMethodWorker.invokeTestMethods(TestMethodWorker.java:146)
at org.testng.internal.TestMethodWorker.run(TestMethodWorker.java:128)
at java.base/java.util.concurrent.ThreadPoolExecutor.runWorker(ThreadPoolExecutor.java:1136)
at java.base/java.util.concurrent.ThreadPoolExecutor$Worker.run(ThreadPoolExecutor.java:635)
at java.base/java.lang.Thread.run(Thread.java:833)
]]>
            </full-stacktrace>
          </exception> <!-- java.lang.AssertionError -->
          <reporter-output>
          </reporter-output>
        </test-method> <!-- verifyTimeTab -->
        <test-method is-config="true" signature="logoutFromApplication(org.testng.ITestResult)[pri:0, instance:verifyApp.VerifyApplicationHeader@353d0772]" started-at="2022-05-27T22:44:20 IST" name="logoutFromApplication" finished-at="2022-05-27T22:44:23 IST" duration-ms="3547" status="PASS">
          <params>
            <param index="0">
              <value>
                <![CDATA[[TestResult name=verifyTimeTab status=FAILURE method=VerifyApplicationHeader.verifyTimeTab()[pri:0, instance:verifyApp.VerifyApplicationHeader@353d0772] output={null}]]]>
              </value>
            </param>
          </params>
          <reporter-output>
          </reporter-output>
        </test-method> <!-- logoutFromApplication -->
        <test-method is-config="true" signature="clearPOMobjects()[pri:0, instance:verifyApp.VerifyApplicationHeader@353d0772]" started-at="2022-05-27T22:44:23 IST" name="clearPOMobjects" finished-at="2022-05-27T22:44:23 IST" duration-ms="0" status="PASS">
          <reporter-output>
          </reporter-output>
        </test-method> <!-- clearPOMobjects -->
        <test-method is-config="true" signature="closeBrowser()[pri:0, instance:verifyApp.VerifyApplicationHeader@353d0772]" started-at="2022-05-27T22:44:23 IST" name="closeBrowser" finished-at="2022-05-27T22:44:24 IST" duration-ms="168" status="PASS">
          <reporter-output>
          </reporter-output>
        </test-method> <!-- closeBrowser -->
      </class> <!-- verifyApp.VerifyApplicationHeader -->
    </test> <!-- ChromeBrowser -->
    <test started-at="2022-05-27T22:44:24 IST" name="FirefoxBrowser" finished-at="2022-05-27T22:44:56 IST" duration-ms="32142">
      <class name="verifyApp.VerifyApplicationHeader">
        <test-method is-config="true" signature="launchBrowser(java.lang.String)[pri:0, instance:verifyApp.VerifyApplicationHeader@6eda5c9]" started-at="2022-05-27T22:44:24 IST" name="launchBrowser" finished-at="2022-05-27T22:44:28 IST" duration-ms="4817" status="PASS">
          <params>
            <param index="0">
              <value>
                <![CDATA[FirefoxBrowser]]>
              </value>
            </param>
          </params>
          <reporter-output>
          </reporter-output>
        </test-method> <!-- launchBrowser -->
        <test-method is-config="true" signature="launchbrowser()[pri:0, instance:verifyApp.VerifyApplicationHeader@6eda5c9]" started-at="2022-05-27T22:44:28 IST" name="launchbrowser" finished-at="2022-05-27T22:44:28 IST" duration-ms="11" status="PASS">
          <reporter-output>
          </reporter-output>
        </test-method> <!-- launchbrowser -->
        <test-method is-config="true" signature="loginToApplication()[pri:0, instance:verifyApp.VerifyApplicationHeader@6eda5c9]" started-at="2022-05-27T22:44:28 IST" name="loginToApplication" finished-at="2022-05-27T22:44:42 IST" duration-ms="13322" status="PASS">
          <reporter-output>
          </reporter-output>
        </test-method> <!-- loginToApplication -->
        <test-method signature="verifyAdminTab()[pri:0, instance:verifyApp.VerifyApplicationHeader@6eda5c9]" started-at="2022-05-27T22:44:42 IST" name="verifyAdminTab" finished-at="2022-05-27T22:44:43 IST" duration-ms="737" status="FAIL">
          <exception class="java.lang.AssertionError">
            <message>
              <![CDATA[The following asserts failed:
expected [https://opensource-demo.orangehrmlive.com/index.php/admin/viewSystemUsers] but found [https://opensource-demo.orangehrmlive.com/index.php/dashboard]]]>
            </message>
            <full-stacktrace>
              <![CDATA[java.lang.AssertionError: The following asserts failed:
expected [https://opensource-demo.orangehrmlive.com/index.php/admin/viewSystemUsers] but found [https://opensource-demo.orangehrmlive.com/index.php/dashboard]
at org.testng.asserts.SoftAssert.assertAll(SoftAssert.java:47)
at org.testng.asserts.SoftAssert.assertAll(SoftAssert.java:31)
at verifyApp.VerifyApplicationHeader.verifyAdminTab(VerifyApplicationHeader.java:87)
at java.base/jdk.internal.reflect.NativeMethodAccessorImpl.invoke0(Native Method)
at java.base/jdk.internal.reflect.NativeMethodAccessorImpl.invoke(NativeMethodAccessorImpl.java:77)
at java.base/jdk.internal.reflect.DelegatingMethodAccessorImpl.invoke(DelegatingMethodAccessorImpl.java:43)
at java.base/java.lang.reflect.Method.invoke(Method.java:568)
at org.testng.internal.MethodInvocationHelper.invokeMethod(MethodInvocationHelper.java:133)
at org.testng.internal.TestInvoker.invokeMethod(TestInvoker.java:598)
at org.testng.internal.TestInvoker.invokeTestMethod(TestInvoker.java:173)
at org.testng.internal.MethodRunner.runInSequence(MethodRunner.java:46)
at org.testng.internal.TestInvoker$MethodInvocationAgent.invoke(TestInvoker.java:824)
at org.testng.internal.TestInvoker.invokeTestMethods(TestInvoker.java:146)
at org.testng.internal.TestMethodWorker.invokeTestMethods(TestMethodWorker.java:146)
at org.testng.internal.TestMethodWorker.run(TestMethodWorker.java:128)
at java.base/java.util.concurrent.ThreadPoolExecutor.runWorker(ThreadPoolExecutor.java:1136)
at java.base/java.util.concurrent.ThreadPoolExecutor$Worker.run(ThreadPoolExecutor.java:635)
at java.base/java.lang.Thread.run(Thread.java:833)
]]>
            </full-stacktrace>
          </exception> <!-- java.lang.AssertionError -->
          <reporter-output>
          </reporter-output>
        </test-method> <!-- verifyAdminTab -->
        <test-method is-config="true" signature="logoutFromApplication(org.testng.ITestResult)[pri:0, instance:verifyApp.VerifyApplicationHeader@6eda5c9]" started-at="2022-05-27T22:44:43 IST" name="logoutFromApplication" finished-at="2022-05-27T22:44:46 IST" duration-ms="3625" status="PASS">
          <params>
            <param index="0">
              <value>
                <![CDATA[[TestResult name=verifyAdminTab status=FAILURE method=VerifyApplicationHeader.verifyAdminTab()[pri:0, instance:verifyApp.VerifyApplicationHeader@6eda5c9] output={null}]]]>
              </value>
            </param>
          </params>
          <reporter-output>
          </reporter-output>
        </test-method> <!-- logoutFromApplication -->
        <test-method is-config="true" signature="loginToApplication()[pri:0, instance:verifyApp.VerifyApplicationHeader@6eda5c9]" started-at="2022-05-27T22:44:46 IST" name="loginToApplication" finished-at="2022-05-27T22:44:49 IST" duration-ms="2817" status="PASS">
          <reporter-output>
          </reporter-output>
        </test-method> <!-- loginToApplication -->
        <test-method signature="verifyTimeTab()[pri:0, instance:verifyApp.VerifyApplicationHeader@6eda5c9]" started-at="2022-05-27T22:44:49 IST" name="verifyTimeTab" finished-at="2022-05-27T22:44:51 IST" duration-ms="1737" status="FAIL">
          <exception class="java.lang.AssertionError">
            <message>
              <![CDATA[The following asserts failed:
expected [abchttps://opensource-demo.orangehrmlive.com/index.php/time/viewEmployeeTimesheet] but found [https://opensource-demo.orangehrmlive.com/index.php/time/viewEmployeeTimesheet]]]>
            </message>
            <full-stacktrace>
              <![CDATA[java.lang.AssertionError: The following asserts failed:
expected [abchttps://opensource-demo.orangehrmlive.com/index.php/time/viewEmployeeTimesheet] but found [https://opensource-demo.orangehrmlive.com/index.php/time/viewEmployeeTimesheet]
at org.testng.asserts.SoftAssert.assertAll(SoftAssert.java:47)
at org.testng.asserts.SoftAssert.assertAll(SoftAssert.java:31)
at verifyApp.VerifyApplicationHeader.verifyTimeTab(VerifyApplicationHeader.java:112)
at java.base/jdk.internal.reflect.NativeMethodAccessorImpl.invoke0(Native Method)
at java.base/jdk.internal.reflect.NativeMethodAccessorImpl.invoke(NativeMethodAccessorImpl.java:77)
at java.base/jdk.internal.reflect.DelegatingMethodAccessorImpl.invoke(DelegatingMethodAccessorImpl.java:43)
at java.base/java.lang.reflect.Method.invoke(Method.java:568)
at org.testng.internal.MethodInvocationHelper.invokeMethod(MethodInvocationHelper.java:133)
at org.testng.internal.TestInvoker.invokeMethod(TestInvoker.java:598)
at org.testng.internal.TestInvoker.invokeTestMethod(TestInvoker.java:173)
at org.testng.internal.MethodRunner.runInSequence(MethodRunner.java:46)
at org.testng.internal.TestInvoker$MethodInvocationAgent.invoke(TestInvoker.java:824)
at org.testng.internal.TestInvoker.invokeTestMethods(TestInvoker.java:146)
at org.testng.internal.TestMethodWorker.invokeTestMethods(TestMethodWorker.java:146)
at org.testng.internal.TestMethodWorker.run(TestMethodWorker.java:128)
at java.base/java.util.concurrent.ThreadPoolExecutor.runWorker(ThreadPoolExecutor.java:1136)
at java.base/java.util.concurrent.ThreadPoolExecutor$Worker.run(ThreadPoolExecutor.java:635)
at java.base/java.lang.Thread.run(Thread.java:833)
]]>
            </full-stacktrace>
          </exception> <!-- java.lang.AssertionError -->
          <reporter-output>
          </reporter-output>
        </test-method> <!-- verifyTimeTab -->
        <test-method is-config="true" signature="logoutFromApplication(org.testng.ITestResult)[pri:0, instance:verifyApp.VerifyApplicationHeader@6eda5c9]" started-at="2022-05-27T22:44:51 IST" name="logoutFromApplication" finished-at="2022-05-27T22:44:54 IST" duration-ms="3577" status="PASS">
          <params>
            <param index="0">
              <value>
                <![CDATA[[TestResult name=verifyTimeTab status=FAILURE method=VerifyApplicationHeader.verifyTimeTab()[pri:0, instance:verifyApp.VerifyApplicationHeader@6eda5c9] output={null}]]]>
              </value>
            </param>
          </params>
          <reporter-output>
          </reporter-output>
        </test-method> <!-- logoutFromApplication -->
        <test-method is-config="true" signature="clearPOMobjects()[pri:0, instance:verifyApp.VerifyApplicationHeader@6eda5c9]" started-at="2022-05-27T22:44:54 IST" name="clearPOMobjects" finished-at="2022-05-27T22:44:54 IST" duration-ms="1" status="PASS">
          <reporter-output>
          </reporter-output>
        </test-method> <!-- clearPOMobjects -->
        <test-method is-config="true" signature="closeBrowser()[pri:0, instance:verifyApp.VerifyApplicationHeader@6eda5c9]" started-at="2022-05-27T22:44:54 IST" name="closeBrowser" finished-at="2022-05-27T22:44:56 IST" duration-ms="1450" status="PASS">
          <reporter-output>
          </reporter-output>
        </test-method> <!-- closeBrowser -->
      </class> <!-- verifyApp.VerifyApplicationHeader -->
    </test> <!-- FirefoxBrowser -->
  </suite> <!-- Suite-OrangeHRM -->
</testng-results>
